<configuration>
    <conversionRule conversionWord="coloredLevel" converterClass="play.api.Logger$ColoredLevel" />


    <appender name="STDOUT" class="ch.qos.logback.core.ConsoleAppender">
        <encoder>
            <pattern>%coloredLevel %logger{15} - %X{akkaTimestamp} - %X{akkaSource}- %message%n%xException{5}</pattern>
        </encoder>
    </appender>

    <appender name="AKKASTDOUT" class="ch.qos.logback.core.ConsoleAppender">
        <encoder>
            <pattern>%X{akkaTimestamp} %highlight(%-5level) %highlight(%logger{36}) %X{akkaSource} - %msg%n</pattern>
        </encoder>
    </appender>

    <!-- Off these ones as they are annoying, and anyway we manage configuration ourself -->
    <logger name="com.avaje.ebean.config.PropertyMapLoader" level="OFF" />
    <logger name="com.avaje.ebeaninternal.server.core.XmlConfigLoader" level="OFF" />
    <logger name="com.avaje.ebeaninternal.server.lib.BackgroundThread" level="OFF" />
    <logger name="com.gargoylesoftware.htmlunit.javascript" level="OFF" />

    <!-- Our Own Loggers -->
    <logger name="play" level="INFO" />
    <logger name="application" level="INFO" />

    <root level="WARN">
        <appender-ref ref="STDOUT"/>
    </root>
</configuration>
